<?xml version="1.0" encoding="UTF-8"?>
<!-- Generated by org.testng.reporters.JUnitXMLReporter -->
<testsuite ignored="1" hostname="DESKTOP-LKHQBG4" failures="0" tests="3" name="Test" time="57.346" errors="0" timestamp="2023-03-01T12:49:11 IST">
  <testcase classname="testNGLearnNew.GroupsLearning" name="javaTPoint" time="45.205"/>
  <testcase classname="testNGLearnNew.GroupsSocial" name="facebook" time="2.815"/>
  <testcase classname="testNGLearnNew.GroupsSocial" name="twitter" time="3.881"/>
  <testcase classname="testNGLearnNew.GroupsLearning" name="guvi" time="0.0">
    <ignored/>
  </testcase> <!-- guvi -->
</testsuite> <!-- Test -->
