<?xml version="1.0" encoding="UTF-8"?>
<testng-results ignored="0" total="1" passed="1" failed="0" skipped="0">
  <reporter-output>
  </reporter-output>
  <suite started-at="2023-04-10T00:12:25 IST" name="Default suite" finished-at="2023-04-10T00:13:37 IST" duration-ms="72835">
    <groups>
    </groups>
    <test started-at="2023-04-10T00:12:25 IST" name="Default test" finished-at="2023-04-10T00:13:37 IST" duration-ms="72835">
      <class name="selenium.learning.JavaScriptExecutor">
        <test-method is-config="true" signature="launchBrowser()[pri:0, instance:selenium.learning.JavaScriptExecutor@18d87d80]" started-at="2023-04-10T00:12:25 IST" name="launchBrowser" finished-at="2023-04-10T00:13:11 IST" duration-ms="46239" status="PASS">
          <reporter-output>
          </reporter-output>
        </test-method> <!-- launchBrowser -->
        <test-method signature="javascriptExecutor()[pri:0, instance:selenium.learning.JavaScriptExecutor@18d87d80]" started-at="2023-04-10T00:13:11 IST" name="javascriptExecutor" finished-at="2023-04-10T00:13:37 IST" duration-ms="26095" status="PASS">
          <reporter-output>
          </reporter-output>
        </test-method> <!-- javascriptExecutor -->
        <test-method is-config="true" signature="closeBrowser()[pri:0, instance:selenium.learning.JavaScriptExecutor@18d87d80]" started-at="2023-04-10T00:13:37 IST" name="closeBrowser" finished-at="2023-04-10T00:13:37 IST" duration-ms="453" status="PASS">
          <reporter-output>
          </reporter-output>
        </test-method> <!-- closeBrowser -->
      </class> <!-- selenium.learning.JavaScriptExecutor -->
    </test> <!-- Default test -->
  </suite> <!-- Default suite -->
</testng-results>
